2024/07/01 11:46:47 INFO: Received http Request from client on RegisterNewClient handler,
2024/07/01 11:46:49 INFO: Sent  http Response to  client succesfully on RegisterNewClient handler,
2024/07/01 11:54:27 INFO: Received http Request from client on RegisterNewClient handler,
2024/07/01 11:54:29 INFO: Sent  http Response to  client succesfully on RegisterNewClient handler,
2024/07/01 11:59:31 INFO: Received http Request from client on RegisterNewClient handler,
2024/07/01 11:59:33 INFO: Sent  http Response to  client succesfully on RegisterNewClient handler,
2024/07/01 12:04:45 INFO: Received http Request from client on RegisterNewClient handler,
2024/07/01 12:04:47 INFO: Sent  http Response to  client succesfully on RegisterNewClient handler,
2024/07/01 12:07:51 INFO: Received http Request from client on RegisterNewClient handler,
2024/07/01 12:07:55 INFO: Sent  http Response to  client succesfully on RegisterNewClient handler,
2024/07/01 12:14:47 INFO: Received http Request from client on RegisterNewClient handler,
2024/07/01 12:15:56 INFO: Received http Request from client on RegisterNewClient handler,
2024/07/01 12:24:47 INFO: Received http Request from client on RegisterNewClient handler,
2024/07/01 12:24:49 INFO: Sent  http Response to  client succesfully on RegisterNewClient handler,
2024/07/01 12:32:19 INFO: Received http Request from client on RegisterNewClient handler,
2024/07/01 12:33:20 INFO: Received http Request from client on RegisterNewClient handler,
2024/07/01 14:39:49 INFO: Received http Request from client on RegisterNewClient handler,
2024/07/02 17:03:39 INFO: Received http Request from client on RegisterNewClient handler,
2024/07/02 17:03:41 INFO: Sent  http Response to  client succesfully on RegisterNewClient handler,
2024/07/02 17:06:48 INFO: Received http Request from client on AddNewAdmin handler,
2024/07/02 17:06:48 INFO: new admin joined : name: Muhammadali role normal
2024/07/02 17:06:49 INFO: Sent  http Response to  admin succesfully on AddNewAdmin handler,
2024/07/02 18:01:21 INFO: Received http Request from client on AddNewAdmin handler,
2024/07/02 18:01:21 INFO: new admin joined : name: asilbek role normal
2024/07/02 18:01:23 INFO: Sent  http Response to  admin succesfully on AddNewAdmin handler,
2024/07/02 18:08:31 INFO: Received http Request from client on RegisterNewClient handler,
2024/07/02 18:08:35 INFO: Sent  http Response to  client succesfully on RegisterNewClient handler,
2024/07/02 18:10:20 INFO: Received http Request from client on RegisterNewClient handler,
2024/07/02 18:10:21 INFO: Sent  http Response to  client succesfully on RegisterNewClient handler,
2024/07/02 18:11:04 INFO: Received http Request from client on RegisterNewClient handler,
2024/07/02 18:11:06 INFO: Sent  http Response to  client succesfully on RegisterNewClient handler,
2024/07/02 18:13:53 INFO: Received http Request from client on RegisterNewClient handler,
2024/07/02 18:13:55 INFO: Sent  http Response to  client succesfully on RegisterNewClient handler,
2024/07/02 18:14:25 INFO: Received http Request from client on RegisterNewClient handler,
2024/07/02 18:14:26 INFO: Sent  http Response to  client succesfully on RegisterNewClient handler,
2024/07/02 18:22:20 INFO: Received http Request from driver on CreateNewDriver handler,
2024/07/02 18:22:21 INFO: Sent  http Response to  driver succesfully on CreateNewDriver handler,
2024/07/02 18:23:00 INFO: Received http Request from driver on CreateNewDriver handler,
2024/07/02 18:23:02 INFO: Sent  http Response to  driver succesfully on CreateNewDriver handler,
2024/07/02 18:32:30 INFO: Received http Request from driver on CreateNewDriver handler,
2024/07/02 18:32:32 INFO: Sent  http Response to  driver succesfully on CreateNewDriver handler,
2024/07/02 18:35:56 INFO: Received http Request from driver on CreateNewDriver handler,
2024/07/02 18:35:58 INFO: Sent  http Response to  driver succesfully on CreateNewDriver handler,
2024/07/02 18:40:20 INFO: Received http Request from driver on CreateNewDriver handler,
2024/07/02 18:40:23 INFO: Sent  http Response to  driver succesfully on CreateNewDriver handler,
2024/07/02 18:41:15 INFO: Received http Request from driver on CreateNewDriver handler,
2024/07/02 18:41:18 INFO: Sent  http Response to  driver succesfully on CreateNewDriver handler,
2024/07/02 19:02:28 INFO: Received http Request from client on RegisterNewClient handler,
2024/07/02 19:02:31 INFO: Sent  http Response to  client succesfully on RegisterNewClient handler,
2024/07/02 19:02:51 INFO: Received http Request from client on RegisterNewClient handler,
2024/07/02 19:02:54 INFO: Sent  http Response to  client succesfully on RegisterNewClient handler,
2024/07/02 19:03:25 INFO: Received http Request from client on RegisterNewClient handler,
2024/07/02 19:03:27 INFO: Sent  http Response to  client succesfully on RegisterNewClient handler,
2024/07/02 19:04:10 INFO: Received http Request from driver on CreateNewDriver handler,
2024/07/02 19:04:13 INFO: Sent  http Response to  driver succesfully on CreateNewDriver handler,
2024/07/02 19:04:48 INFO: Received http Request from driver on CreateNewDriver handler,
2024/07/02 19:04:50 INFO: Sent  http Response to  driver succesfully on CreateNewDriver handler,
2024/07/02 19:08:46 INFO: Received http Request from client on DeleteClient handler,
2024/07/02 19:08:46 INFO: Sent  http Response to  client succesfully on DeleteClient handler,
2024/07/02 19:36:39 INFO:Received   http Request  from  client on Deleting Driver
2024/07/02 19:36:39 INFO:Sent http  response back to client on Deleting Driver
2024/07/02 19:47:48 INFO:Received   http Request  from  client on Deleting Driver
2024/07/02 19:47:48 INFO:Sent http  response back to client on Deleting Driver
2024/07/02 19:50:20 INFO:Received   http Request  from  client on Deleting Driver
2024/07/02 19:50:20 INFO:Sent http  response back to client on Deleting Driver
2024/07/02 19:52:51 INFO: Received http Request from client on RegisterNewClient handler,
2024/07/02 19:52:53 INFO: Sent  http Response to  client succesfully on RegisterNewClient handler,
2024/07/02 19:54:29 INFO: Received http Request from client on DeleteClient handler,
2024/07/02 19:54:29 INFO: Sent  http Response to  client succesfully on DeleteClient handler,
2024/07/02 20:05:13 INFO: Received http Request from client on RegisterNewClient handler,
2024/07/02 20:05:17 INFO: Sent  http Response to  client succesfully on RegisterNewClient handler,
2024/07/02 20:05:43 INFO: Received http Request from client on DeleteClient handler,
2024/07/02 20:05:43 INFO: Sent  http Response to  client succesfully on DeleteClient handler,
2024/07/02 20:11:30 INFO: Received http Request from client on RegisterNewClient handler,
2024/07/02 20:11:33 INFO: Sent  http Response to  client succesfully on RegisterNewClient handler,
2024/07/02 20:11:55 INFO: Received http Request from client on DeleteClient handler,
2024/07/02 20:11:55 INFO: Sent  http Response to  client succesfully on DeleteClient handler,
2024/07/02 20:36:36 INFO: Received http Request from client on RegisterNewClient handler,
2024/07/02 20:36:38 INFO: Sent  http Response to  client succesfully on RegisterNewClient handler,
2024/07/02 21:07:49 INFO: Received http request from client on AddNewProducts handler .
2024/07/02 21:09:33 INFO: Received http request from client on AddNewProducts handler .
2024/07/02 21:09:33 INFO: Product purchase is succesfully Done !
2024/07/02 21:14:11 INFO: Received http Request from client on RegisterNewClient handler,
2024/07/02 21:14:13 INFO: Sent  http Response to  client succesfully on RegisterNewClient handler,
2024/07/02 21:19:24 INFO: Received http Request from client on RegisterNewClient handler,
2024/07/02 21:19:27 INFO: Sent  http Response to  client succesfully on RegisterNewClient handler,
2024/07/02 21:20:38 INFO: Received http Request from driver on CreateNewDriver handler,
2024/07/02 21:20:40 INFO: Sent  http Response to  driver succesfully on CreateNewDriver handler,
2024/07/02 21:25:04 INFO: received httprequest on CreateOrders handler 
2024/07/02 21:32:17 INFO: received httprequest on CreateOrders handler 
2024/07/02 21:38:58 INFO: received httprequest on CreateOrders handler 
2024/07/02 21:46:10 INFO: received httprequest on CreateOrders handler 
2024/07/02 21:50:53 INFO: Received http Request from driver on CreateNewDriver handler,
2024/07/02 21:50:57 INFO: Sent  http Response to  driver succesfully on CreateNewDriver handler,
2024/07/02 21:54:47 INFO: Received http Request from client on RegisterNewClient handler,
2024/07/02 21:54:58 INFO: Sent  http Response to  client succesfully on RegisterNewClient handler,
2024/07/02 21:57:12 INFO: Received http Request from driver on CreateNewDriver handler,
2024/07/02 21:57:16 INFO: Sent  http Response to  driver succesfully on CreateNewDriver handler,
2024/07/02 22:00:52 INFO: Received http request from client on AddNewProducts handler .
2024/07/02 22:00:52 INFO: Product purchase is succesfully Done !
2024/07/02 22:03:25 INFO: Received http request from client on AddNewProducts handler .
2024/07/02 22:03:25 INFO: Product purchase is succesfully Done !
2024/07/02 22:07:19 INFO: received httprequest on CreateOrders handler 
2024/07/02 22:32:47 INFO: received httprequest on CreateOrders handler 
2024/07/02 23:56:26 INFO: received httprequest on CreateOrders handler 
2024/07/03 00:08:58 INFO: received httprequest on CreateOrders handler 
2024/07/03 00:10:24 INFO: received httprequest on CreateOrders handler 
2024/07/03 00:11:05 INFO: received httprequest on CreateOrders handler 
2024/07/03 00:12:48 INFO: received httprequest on CreateOrders handler 
2024/07/03 04:43:59 INFO: Received http request from client on AddNewProducts handler .
2024/07/03 04:43:59 INFO: Product purchase is succesfully Done !
2024/07/03 04:44:39 INFO: Received http request from client on AddNewProducts handler .
2024/07/03 04:44:39 INFO: Product purchase is succesfully Done !
2024/07/03 04:45:03 INFO: Received http request from client on AddNewProducts handler .
2024/07/03 04:45:03 INFO: Product purchase is succesfully Done !
2024/07/03 04:45:20 INFO: Received http request from client on AddNewProducts handler .
2024/07/03 04:45:55 INFO: Received http request from client on AddNewProducts handler .
2024/07/03 04:46:17 INFO: Received http request from client on AddNewProducts handler .
2024/07/03 04:46:17 INFO: Product purchase is succesfully Done !
2024/07/03 04:46:47 INFO: Received http request from client on AddNewProducts handler .
2024/07/03 04:46:47 INFO: Product purchase is succesfully Done !
